<?xml version="1.0" encoding="UTF-8"?>
<testsuite xmlns:xsi="http://www.w3.org/2001/XMLSchema-instance" xsi:noNamespaceSchemaLocation="https://maven.apache.org/surefire/maven-surefire-plugin/xsd/surefire-test-report.xsd" version="3.0.1" name="nit.GITProj01.AppTest" time="0.131" tests="3" errors="0" skipped="0" failures="0">
  <properties>
[...]
</properties>
  <testcase name="testWithPositive" classname="nit.GITProj01.AppTest" time="0.055"/>
  <testcase name="testWithNegative" classname="nit.GITProj01.AppTest" time="0.004"/>
  <testcase name="testWithNegative1" classname="nit.GITProj01.AppTest" time="0.004"/>
</testsuite>